
optiboot_serial7Seg.elf:     file format elf32-avr

Sections:
Idx Name          Size      VMA       LMA       File off  Algn
  0 .text         000001d0  00007e00  00007e00  00000054  2**1
                  CONTENTS, ALLOC, LOAD, READONLY, CODE
  1 .version      00000002  00007ffe  00007ffe  00000224  2**0
                  CONTENTS, READONLY
  2 .debug_aranges 00000028  00000000  00000000  00000226  2**0
                  CONTENTS, READONLY, DEBUGGING
  3 .debug_pubnames 0000005f  00000000  00000000  0000024e  2**0
                  CONTENTS, READONLY, DEBUGGING
  4 .debug_info   0000025e  00000000  00000000  000002ad  2**0
                  CONTENTS, READONLY, DEBUGGING
  5 .debug_abbrev 0000013b  00000000  00000000  0000050b  2**0
                  CONTENTS, READONLY, DEBUGGING
  6 .debug_line   000003b7  00000000  00000000  00000646  2**0
                  CONTENTS, READONLY, DEBUGGING
  7 .debug_frame  00000080  00000000  00000000  00000a00  2**2
                  CONTENTS, READONLY, DEBUGGING
  8 .debug_str    00000133  00000000  00000000  00000a80  2**0
                  CONTENTS, READONLY, DEBUGGING
  9 .debug_loc    000002c5  00000000  00000000  00000bb3  2**0
                  CONTENTS, READONLY, DEBUGGING
 10 .debug_ranges 00000078  00000000  00000000  00000e78  2**0
                  CONTENTS, READONLY, DEBUGGING

Disassembly of section .text:

00007e00 <main>:
#define rstVect (*(uint16_t*)(RAMSTART+SPM_PAGESIZE*2+4))
#define wdtVect (*(uint16_t*)(RAMSTART+SPM_PAGESIZE*2+6))
#endif

/* main program starts here */
int main(void) {
    7e00:	11 24       	eor	r1, r1
#ifdef __AVR_ATmega8__
  SP=RAMEND;  // This is done by hardware reset
#endif

  // Adaboot no-wait mod
  ch = MCUSR;
    7e02:	84 b7       	in	r24, 0x34	; 52
  MCUSR = 0;
    7e04:	14 be       	out	0x34, r1	; 52
  if (!(ch & _BV(EXTRF))) appStart();
    7e06:	81 ff       	sbrs	r24, 1
    7e08:	de d0       	rcall	.+444    	; 0x7fc6 <appStart>
  UCSRA = _BV(U2X); //Double speed mode USART
  UCSRB = _BV(RXEN) | _BV(TXEN);  // enable Rx & Tx
  UCSRC = _BV(URSEL) | _BV(UCSZ1) | _BV(UCSZ0);  // config USART; 8N1
  UBRRL = (uint8_t)( (F_CPU + BAUD_RATE * 4L) / (BAUD_RATE * 8L) - 1 );
#else
  UCSR0A = _BV(U2X0); //Double speed mode USART0
    7e0a:	82 e0       	ldi	r24, 0x02	; 2
    7e0c:	80 93 c0 00 	sts	0x00C0, r24
  UCSR0B = _BV(RXEN0) | _BV(TXEN0);
    7e10:	88 e1       	ldi	r24, 0x18	; 24
    7e12:	80 93 c1 00 	sts	0x00C1, r24
  UCSR0C = _BV(UCSZ00) | _BV(UCSZ01);
    7e16:	86 e0       	ldi	r24, 0x06	; 6
    7e18:	80 93 c2 00 	sts	0x00C2, r24
  UBRR0L = (uint8_t)( (F_CPU + BAUD_RATE * 4L) / (BAUD_RATE * 8L) - 1 );
    7e1c:	80 e1       	ldi	r24, 0x10	; 16
    7e1e:	80 93 c4 00 	sts	0x00C4, r24
#endif
#endif

  // Set up watchdog to trigger after 500ms
  watchdogConfig(WATCHDOG_1S);
    7e22:	8e e0       	ldi	r24, 0x0E	; 14
    7e24:	ba d0       	rcall	.+372    	; 0x7f9a <watchdogConfig>

  /* Set LED pin as output */
  LED_DDR |= _BV(LED);
    7e26:	25 9a       	sbi	0x04, 5	; 4
    7e28:	cc 24       	eor	r12, r12
    7e2a:	dd 24       	eor	r13, r13
      ch = SPM_PAGESIZE / 2;
      do {
        uint16_t a;
        a = *bufPtr++;
        a |= (*bufPtr++) << 8;
        __boot_page_fill_short((uint16_t)(void*)addrPtr,a);
    7e2c:	88 24       	eor	r8, r8
    7e2e:	83 94       	inc	r8
        addrPtr += 2;
      } while (--ch);

      // Write from programming buffer
      __boot_page_write_short((uint16_t)(void*)address);
    7e30:	b5 e0       	ldi	r27, 0x05	; 5
    7e32:	ab 2e       	mov	r10, r27
      boot_spm_busy_wait();

#if defined(RWWSRE)
      // Reenable read access to flash
      boot_rww_enable();
    7e34:	a1 e1       	ldi	r26, 0x11	; 17
    7e36:	9a 2e       	mov	r9, r26
      do *bufPtr++ = getch();
      while (--length);

      // If we are in NRWW section, page erase has to be delayed until now.
      // Todo: Take RAMPZ into account
      if (address >= NRWWSTART) __boot_page_erase_short((uint16_t)(void*)address);
    7e38:	f3 e0       	ldi	r31, 0x03	; 3
    7e3a:	bf 2e       	mov	r11, r31
#endif

  /* Forever loop */
  for (;;) {
    /* get character from UART */
    ch = getch();
    7e3c:	a2 d0       	rcall	.+324    	; 0x7f82 <getch>

    if(ch == STK_GET_PARAMETER) {
    7e3e:	81 34       	cpi	r24, 0x41	; 65
    7e40:	61 f4       	brne	.+24     	; 0x7e5a <main+0x5a>
      unsigned char which = getch();
    7e42:	9f d0       	rcall	.+318    	; 0x7f82 <getch>
    7e44:	08 2f       	mov	r16, r24
      verifySpace();
    7e46:	af d0       	rcall	.+350    	; 0x7fa6 <verifySpace>
      if (which == 0x82) {
    7e48:	02 38       	cpi	r16, 0x82	; 130
    7e4a:	11 f0       	breq	.+4      	; 0x7e50 <main+0x50>
	/*
	 * Send optiboot version as "minor SW version"
	 */
	putch(OPTIBOOT_MINVER);
      } else if (which == 0x81) {
    7e4c:	01 38       	cpi	r16, 0x81	; 129
    7e4e:	11 f4       	brne	.+4      	; 0x7e54 <main+0x54>
	  putch(OPTIBOOT_MAJVER);
    7e50:	84 e0       	ldi	r24, 0x04	; 4
    7e52:	01 c0       	rjmp	.+2      	; 0x7e56 <main+0x56>
      } else {
	/*
	 * GET PARAMETER returns a generic 0x03 reply for
         * other parameters - enough to keep Avrdude happy
	 */
	putch(0x03);
    7e54:	83 e0       	ldi	r24, 0x03	; 3
    7e56:	8d d0       	rcall	.+282    	; 0x7f72 <putch>
    7e58:	89 c0       	rjmp	.+274    	; 0x7f6c <main+0x16c>
      }
    }
    else if(ch == STK_SET_DEVICE) {
    7e5a:	82 34       	cpi	r24, 0x42	; 66
    7e5c:	11 f4       	brne	.+4      	; 0x7e62 <main+0x62>
      // SET DEVICE is ignored
      getNch(20);
    7e5e:	84 e1       	ldi	r24, 0x14	; 20
    7e60:	03 c0       	rjmp	.+6      	; 0x7e68 <main+0x68>
    }
    else if(ch == STK_SET_DEVICE_EXT) {
    7e62:	85 34       	cpi	r24, 0x45	; 69
    7e64:	19 f4       	brne	.+6      	; 0x7e6c <main+0x6c>
      // SET DEVICE EXT is ignored
      getNch(5);
    7e66:	85 e0       	ldi	r24, 0x05	; 5
    7e68:	a6 d0       	rcall	.+332    	; 0x7fb6 <getNch>
    7e6a:	80 c0       	rjmp	.+256    	; 0x7f6c <main+0x16c>
    }
    else if(ch == STK_LOAD_ADDRESS) {
    7e6c:	85 35       	cpi	r24, 0x55	; 85
    7e6e:	79 f4       	brne	.+30     	; 0x7e8e <main+0x8e>
      // LOAD ADDRESS
      uint16_t newAddress;
      newAddress = getch();
    7e70:	88 d0       	rcall	.+272    	; 0x7f82 <getch>
      newAddress = (newAddress & 0xff) | (getch() << 8);
    7e72:	e8 2e       	mov	r14, r24
    7e74:	ff 24       	eor	r15, r15
    7e76:	85 d0       	rcall	.+266    	; 0x7f82 <getch>
    7e78:	08 2f       	mov	r16, r24
    7e7a:	10 e0       	ldi	r17, 0x00	; 0
    7e7c:	10 2f       	mov	r17, r16
    7e7e:	00 27       	eor	r16, r16
    7e80:	0e 29       	or	r16, r14
    7e82:	1f 29       	or	r17, r15
#ifdef RAMPZ
      // Transfer top bit to RAMPZ
      RAMPZ = (newAddress & 0x8000) ? 1 : 0;
#endif
      newAddress += newAddress; // Convert from word address to byte address
    7e84:	00 0f       	add	r16, r16
    7e86:	11 1f       	adc	r17, r17
      address = newAddress;
      verifySpace();
    7e88:	8e d0       	rcall	.+284    	; 0x7fa6 <verifySpace>
    7e8a:	68 01       	movw	r12, r16
    7e8c:	6f c0       	rjmp	.+222    	; 0x7f6c <main+0x16c>
    }
    else if(ch == STK_UNIVERSAL) {
    7e8e:	86 35       	cpi	r24, 0x56	; 86
    7e90:	21 f4       	brne	.+8      	; 0x7e9a <main+0x9a>
      // UNIVERSAL command is ignored
      getNch(4);
    7e92:	84 e0       	ldi	r24, 0x04	; 4
    7e94:	90 d0       	rcall	.+288    	; 0x7fb6 <getNch>
      putch(0x00);
    7e96:	80 e0       	ldi	r24, 0x00	; 0
    7e98:	de cf       	rjmp	.-68     	; 0x7e56 <main+0x56>
    }
    /* Write memory, length is big endian and is in bytes */
    else if(ch == STK_PROG_PAGE) {
    7e9a:	84 36       	cpi	r24, 0x64	; 100
    7e9c:	09 f0       	breq	.+2      	; 0x7ea0 <main+0xa0>
    7e9e:	40 c0       	rjmp	.+128    	; 0x7f20 <main+0x120>
      // PROGRAM PAGE - we support flash programming only, not EEPROM
      uint8_t *bufPtr;
      uint16_t addrPtr;

      getch();			/* getlen() */
    7ea0:	70 d0       	rcall	.+224    	; 0x7f82 <getch>
      length = getch();
    7ea2:	6f d0       	rcall	.+222    	; 0x7f82 <getch>
    7ea4:	08 2f       	mov	r16, r24
      getch();
    7ea6:	6d d0       	rcall	.+218    	; 0x7f82 <getch>

      // If we are in RWW section, immediately start page erase
      if (address < NRWWSTART) __boot_page_erase_short((uint16_t)(void*)address);
    7ea8:	80 e0       	ldi	r24, 0x00	; 0
    7eaa:	c8 16       	cp	r12, r24
    7eac:	80 e7       	ldi	r24, 0x70	; 112
    7eae:	d8 06       	cpc	r13, r24
    7eb0:	18 f4       	brcc	.+6      	; 0x7eb8 <main+0xb8>
    7eb2:	f6 01       	movw	r30, r12
    7eb4:	b7 be       	out	0x37, r11	; 55
    7eb6:	e8 95       	spm
    7eb8:	c0 e0       	ldi	r28, 0x00	; 0
    7eba:	d1 e0       	ldi	r29, 0x01	; 1

      // While that is going on, read in page contents
      bufPtr = buff;
      do *bufPtr++ = getch();
    7ebc:	62 d0       	rcall	.+196    	; 0x7f82 <getch>
    7ebe:	89 93       	st	Y+, r24
      while (--length);
    7ec0:	0c 17       	cp	r16, r28
    7ec2:	e1 f7       	brne	.-8      	; 0x7ebc <main+0xbc>

      // If we are in NRWW section, page erase has to be delayed until now.
      // Todo: Take RAMPZ into account
      if (address >= NRWWSTART) __boot_page_erase_short((uint16_t)(void*)address);
    7ec4:	f0 e0       	ldi	r31, 0x00	; 0
    7ec6:	cf 16       	cp	r12, r31
    7ec8:	f0 e7       	ldi	r31, 0x70	; 112
    7eca:	df 06       	cpc	r13, r31
    7ecc:	18 f0       	brcs	.+6      	; 0x7ed4 <main+0xd4>
    7ece:	f6 01       	movw	r30, r12
    7ed0:	b7 be       	out	0x37, r11	; 55
    7ed2:	e8 95       	spm

      // Read command terminator, start reply
      verifySpace();
    7ed4:	68 d0       	rcall	.+208    	; 0x7fa6 <verifySpace>

      // If only a partial page is to be programmed, the erase might not be complete.
      // So check that here
      boot_spm_busy_wait();
    7ed6:	07 b6       	in	r0, 0x37	; 55
    7ed8:	00 fc       	sbrc	r0, 0
    7eda:	fd cf       	rjmp	.-6      	; 0x7ed6 <main+0xd6>
    7edc:	a6 01       	movw	r20, r12
    7ede:	a0 e0       	ldi	r26, 0x00	; 0
    7ee0:	b1 e0       	ldi	r27, 0x01	; 1
      bufPtr = buff;
      addrPtr = (uint16_t)(void*)address;
      ch = SPM_PAGESIZE / 2;
      do {
        uint16_t a;
        a = *bufPtr++;
    7ee2:	2c 91       	ld	r18, X
    7ee4:	30 e0       	ldi	r19, 0x00	; 0
        a |= (*bufPtr++) << 8;
    7ee6:	11 96       	adiw	r26, 0x01	; 1
    7ee8:	8c 91       	ld	r24, X
    7eea:	11 97       	sbiw	r26, 0x01	; 1
    7eec:	90 e0       	ldi	r25, 0x00	; 0
    7eee:	98 2f       	mov	r25, r24
    7ef0:	88 27       	eor	r24, r24
    7ef2:	82 2b       	or	r24, r18
    7ef4:	93 2b       	or	r25, r19
#define rstVect (*(uint16_t*)(RAMSTART+SPM_PAGESIZE*2+4))
#define wdtVect (*(uint16_t*)(RAMSTART+SPM_PAGESIZE*2+6))
#endif

/* main program starts here */
int main(void) {
    7ef6:	12 96       	adiw	r26, 0x02	; 2
      ch = SPM_PAGESIZE / 2;
      do {
        uint16_t a;
        a = *bufPtr++;
        a |= (*bufPtr++) << 8;
        __boot_page_fill_short((uint16_t)(void*)addrPtr,a);
    7ef8:	fa 01       	movw	r30, r20
    7efa:	0c 01       	movw	r0, r24
    7efc:	87 be       	out	0x37, r8	; 55
    7efe:	e8 95       	spm
    7f00:	11 24       	eor	r1, r1
        addrPtr += 2;
    7f02:	4e 5f       	subi	r20, 0xFE	; 254
    7f04:	5f 4f       	sbci	r21, 0xFF	; 255
      } while (--ch);
    7f06:	f1 e0       	ldi	r31, 0x01	; 1
    7f08:	a0 38       	cpi	r26, 0x80	; 128
    7f0a:	bf 07       	cpc	r27, r31
    7f0c:	51 f7       	brne	.-44     	; 0x7ee2 <main+0xe2>

      // Write from programming buffer
      __boot_page_write_short((uint16_t)(void*)address);
    7f0e:	f6 01       	movw	r30, r12
    7f10:	a7 be       	out	0x37, r10	; 55
    7f12:	e8 95       	spm
      boot_spm_busy_wait();
    7f14:	07 b6       	in	r0, 0x37	; 55
    7f16:	00 fc       	sbrc	r0, 0
    7f18:	fd cf       	rjmp	.-6      	; 0x7f14 <main+0x114>

#if defined(RWWSRE)
      // Reenable read access to flash
      boot_rww_enable();
    7f1a:	97 be       	out	0x37, r9	; 55
    7f1c:	e8 95       	spm
    7f1e:	26 c0       	rjmp	.+76     	; 0x7f6c <main+0x16c>
#endif

    }
    /* Read memory block mode, length is big endian.  */
    else if(ch == STK_READ_PAGE) {
    7f20:	84 37       	cpi	r24, 0x74	; 116
    7f22:	b1 f4       	brne	.+44     	; 0x7f50 <main+0x150>
      // READ PAGE - we only read flash
      getch();			/* getlen() */
    7f24:	2e d0       	rcall	.+92     	; 0x7f82 <getch>
      length = getch();
    7f26:	2d d0       	rcall	.+90     	; 0x7f82 <getch>
    7f28:	f8 2e       	mov	r15, r24
      getch();
    7f2a:	2b d0       	rcall	.+86     	; 0x7f82 <getch>

      verifySpace();
    7f2c:	3c d0       	rcall	.+120    	; 0x7fa6 <verifySpace>
    7f2e:	f6 01       	movw	r30, r12
    7f30:	ef 2c       	mov	r14, r15
        putch(result);
        address++;
      }
      while (--length);
#else
      do putch(pgm_read_byte_near(address++));
    7f32:	8f 01       	movw	r16, r30
    7f34:	0f 5f       	subi	r16, 0xFF	; 255
    7f36:	1f 4f       	sbci	r17, 0xFF	; 255
    7f38:	84 91       	lpm	r24, Z+
    7f3a:	1b d0       	rcall	.+54     	; 0x7f72 <putch>
      while (--length);
    7f3c:	ea 94       	dec	r14
    7f3e:	f8 01       	movw	r30, r16
    7f40:	c1 f7       	brne	.-16     	; 0x7f32 <main+0x132>
#define rstVect (*(uint16_t*)(RAMSTART+SPM_PAGESIZE*2+4))
#define wdtVect (*(uint16_t*)(RAMSTART+SPM_PAGESIZE*2+6))
#endif

/* main program starts here */
int main(void) {
    7f42:	08 94       	sec
    7f44:	c1 1c       	adc	r12, r1
    7f46:	d1 1c       	adc	r13, r1
    7f48:	fa 94       	dec	r15
    7f4a:	cf 0c       	add	r12, r15
    7f4c:	d1 1c       	adc	r13, r1
    7f4e:	0e c0       	rjmp	.+28     	; 0x7f6c <main+0x16c>
#endif
#endif
    }

    /* Get device signature bytes  */
    else if(ch == STK_READ_SIGN) {
    7f50:	85 37       	cpi	r24, 0x75	; 117
    7f52:	39 f4       	brne	.+14     	; 0x7f62 <main+0x162>
      // READ SIGN - return what Avrdude wants to hear
      verifySpace();
    7f54:	28 d0       	rcall	.+80     	; 0x7fa6 <verifySpace>
      putch(SIGNATURE_0);
    7f56:	8e e1       	ldi	r24, 0x1E	; 30
    7f58:	0c d0       	rcall	.+24     	; 0x7f72 <putch>
      putch(SIGNATURE_1);
    7f5a:	85 e9       	ldi	r24, 0x95	; 149
    7f5c:	0a d0       	rcall	.+20     	; 0x7f72 <putch>
      putch(SIGNATURE_2);
    7f5e:	8f e0       	ldi	r24, 0x0F	; 15
    7f60:	7a cf       	rjmp	.-268    	; 0x7e56 <main+0x56>
    }
    else if (ch == 'Q') {
    7f62:	81 35       	cpi	r24, 0x51	; 81
    7f64:	11 f4       	brne	.+4      	; 0x7f6a <main+0x16a>
      // Adaboot no-wait mod
      watchdogConfig(WATCHDOG_16MS);
    7f66:	88 e0       	ldi	r24, 0x08	; 8
    7f68:	18 d0       	rcall	.+48     	; 0x7f9a <watchdogConfig>
      verifySpace();
    }
    else {
      // This covers the response to commands like STK_ENTER_PROGMODE
      verifySpace();
    7f6a:	1d d0       	rcall	.+58     	; 0x7fa6 <verifySpace>
    }
    putch(STK_OK);
    7f6c:	80 e1       	ldi	r24, 0x10	; 16
    7f6e:	01 d0       	rcall	.+2      	; 0x7f72 <putch>
    7f70:	65 cf       	rjmp	.-310    	; 0x7e3c <main+0x3c>

00007f72 <putch>:
  }
}

void putch(char ch) {
    7f72:	98 2f       	mov	r25, r24
#ifndef SOFT_UART
  while (!(UCSR0A & _BV(UDRE0)));
    7f74:	80 91 c0 00 	lds	r24, 0x00C0
    7f78:	85 ff       	sbrs	r24, 5
    7f7a:	fc cf       	rjmp	.-8      	; 0x7f74 <putch+0x2>
  UDR0 = ch;
    7f7c:	90 93 c6 00 	sts	0x00C6, r25
      [uartBit] "I" (UART_TX_BIT)
    :
      "r25"
  );
#endif
}
    7f80:	08 95       	ret

00007f82 <getch>:
      [uartBit] "I" (UART_RX_BIT)
    :
      "r25"
);
#else
  while(!(UCSR0A & _BV(RXC0)))
    7f82:	80 91 c0 00 	lds	r24, 0x00C0
    7f86:	87 ff       	sbrs	r24, 7
    7f88:	fc cf       	rjmp	.-8      	; 0x7f82 <getch>
    ;
  if (!(UCSR0A & _BV(FE0))) {
    7f8a:	80 91 c0 00 	lds	r24, 0x00C0
    7f8e:	84 fd       	sbrc	r24, 4
    7f90:	01 c0       	rjmp	.+2      	; 0x7f94 <getch+0x12>
}
#endif

// Watchdog functions. These are only safe with interrupts turned off.
void watchdogReset() {
  __asm__ __volatile__ (
    7f92:	a8 95       	wdr
       * don't care that an invalid char is returned...)
       */
    watchdogReset();
  }
  
  ch = UDR0;
    7f94:	80 91 c6 00 	lds	r24, 0x00C6
  LED_PIN |= _BV(LED);
#endif
#endif

  return ch;
}
    7f98:	08 95       	ret

00007f9a <watchdogConfig>:
    "wdr\n"
  );
}

void watchdogConfig(uint8_t x) {
  WDTCSR = _BV(WDCE) | _BV(WDE);
    7f9a:	e0 e6       	ldi	r30, 0x60	; 96
    7f9c:	f0 e0       	ldi	r31, 0x00	; 0
    7f9e:	98 e1       	ldi	r25, 0x18	; 24
    7fa0:	90 83       	st	Z, r25
  WDTCSR = x;
    7fa2:	80 83       	st	Z, r24
}
    7fa4:	08 95       	ret

00007fa6 <verifySpace>:
  do getch(); while (--count);
  verifySpace();
}

void verifySpace() {
  if (getch() != CRC_EOP) {
    7fa6:	ed df       	rcall	.-38     	; 0x7f82 <getch>
    7fa8:	80 32       	cpi	r24, 0x20	; 32
    7faa:	19 f0       	breq	.+6      	; 0x7fb2 <verifySpace+0xc>
    watchdogConfig(WATCHDOG_16MS);    // shorten WD timeout
    7fac:	88 e0       	ldi	r24, 0x08	; 8
    7fae:	f5 df       	rcall	.-22     	; 0x7f9a <watchdogConfig>
    7fb0:	ff cf       	rjmp	.-2      	; 0x7fb0 <verifySpace+0xa>
    while (1)			      // and busy-loop so that WD causes
      ;				      //  a reset and app start.
  }
  putch(STK_INSYNC);
    7fb2:	84 e1       	ldi	r24, 0x14	; 20
}
    7fb4:	de cf       	rjmp	.-68     	; 0x7f72 <putch>

00007fb6 <getNch>:
    ::[count] "M" (UART_B_VALUE)
  );
}
#endif

void getNch(uint8_t count) {
    7fb6:	1f 93       	push	r17
    7fb8:	18 2f       	mov	r17, r24
  do getch(); while (--count);
    7fba:	e3 df       	rcall	.-58     	; 0x7f82 <getch>
    7fbc:	11 50       	subi	r17, 0x01	; 1
    7fbe:	e9 f7       	brne	.-6      	; 0x7fba <getNch+0x4>
  verifySpace();
    7fc0:	f2 df       	rcall	.-28     	; 0x7fa6 <verifySpace>
}
    7fc2:	1f 91       	pop	r17
    7fc4:	08 95       	ret

00007fc6 <appStart>:
  WDTCSR = _BV(WDCE) | _BV(WDE);
  WDTCSR = x;
}

void appStart() {
  watchdogConfig(WATCHDOG_OFF);
    7fc6:	80 e0       	ldi	r24, 0x00	; 0
    7fc8:	e8 df       	rcall	.-48     	; 0x7f9a <watchdogConfig>
  __asm__ __volatile__ (
    7fca:	ee 27       	eor	r30, r30
    7fcc:	ff 27       	eor	r31, r31
    7fce:	09 94       	ijmp
